<?xml version="1.0" encoding="UTF-8"?>
<testsuite name="AppTest" tests="5" skipped="0" failures="0" errors="0" timestamp="2019-09-19T19:15:00" hostname="billings-mac" time="0.027">
  <properties/>
  <testcase name="testGetFieldValue" classname="AppTest" time="0.001"/>
  <testcase name="testGetFieldName" classname="AppTest" time="0.0"/>
  <testcase name="testGetObjectName" classname="AppTest" time="0.001"/>
  <testcase name="testPopObjectLineage" classname="AppTest" time="0.0"/>
  <testcase name="testParseGavFromTextProto" classname="AppTest" time="0.025"/>
  <system-out><![CDATA[results {
  target {
    type: RULE
    rule {
      name: "//external:org_apache_commons_commons_io"
      rule_class: "maven_jar"
      location: "/root/home/steve/examples/java-tutorial/WORKSPACE:6:1"
      attribute {
        name: "generator_location"
        type: STRING
        string_value: ""
        explicitly_specified: false
        nodep: false
      }
      attribute {
        name: "generator_function"
        type: STRING
        string_value: ""
        explicitly_specified: false
        nodep: false
      }
      attribute {
        name: "name"
        type: STRING
        string_value: "org_apache_commons_commons_io"
        explicitly_specified: true
        nodep: false
      }
      attribute {
        name: "repository"
        type: STRING
        string_value: ""
        explicitly_specified: false
        nodep: false
      }
      attribute {
        name: "artifact"
        type: STRING
        string_value: "org.apache.commons:commons-io:1.3.2"
        explicitly_specified: true
        nodep: false
      }
      attribute {
        name: "server"
        type: STRING
        string_value: ""
        explicitly_specified: false
        nodep: false
      }
      attribute {
        name: "generator_name"
        type: STRING
        string_value: ""
        explicitly_specified: false
        nodep: false
      }
      attribute {
        name: "sha1_src"
        type: STRING
        string_value: ""
        explicitly_specified: false
        nodep: false
      }
      attribute {
        name: "sha1"
        type: STRING
        string_value: ""
        explicitly_specified: false
        nodep: false
      }
    }
  }
  configuration {
    checksum: "c4592abc3e3009cd244247c661481fda"
  }
}
Read resultsTargetAttributeObject: {explicitly_specified=false, string_value=, name=generator_location, type=STRING, nodep=false}
Read resultsTargetAttributeObject: {explicitly_specified=false, string_value=, name=generator_function, type=STRING, nodep=false}
Read resultsTargetAttributeObject: {explicitly_specified=true, string_value=org_apache_commons_commons_io, name=name, type=STRING, nodep=false}
Read resultsTargetAttributeObject: {explicitly_specified=false, string_value=, name=repository, type=STRING, nodep=false}
Read resultsTargetAttributeObject: {explicitly_specified=true, string_value=org.apache.commons:commons-io:1.3.2, name=artifact, type=STRING, nodep=false}
]]></system-out>
  <system-err><![CDATA[]]></system-err>
</testsuite>
